2025-02-22T04:03:04.003Z INFO @wdio/local-runner: Run worker command: run
2025-02-22T04:03:04.232Z INFO webdriver: Initiate new session using the WebDriver protocol
2025-02-22T04:03:04.233Z INFO @wdio/utils: Connecting to existing driver at http://localhost:4444/
2025-02-22T04:03:04.245Z INFO webdriver: [POST] http://localhost:4444/session
2025-02-22T04:03:04.245Z INFO webdriver: DATA {
  capabilities: {
    alwaysMatch: {
      browserName: 'chrome',
      webSocketUrl: true,
      unhandledPromptBehavior: 'ignore'
    },
    firstMatch: [ {} ]
  }
}
2025-02-22T04:03:05.235Z INFO webdriver: Register BiDi handler for session with id 879b00c9ebf43082ddf0ca11bba6a56d
2025-02-22T04:03:05.236Z INFO webdriver: Connect to webSocketUrl ws://192.168.1.14:4444/session/879b00c9ebf43082ddf0ca11bba6a56d/se/bidi
2025-02-22T04:03:05.257Z INFO webdriver: Connected session to Bidi protocol
2025-02-22T04:03:05.258Z INFO webdriver: BIDI COMMAND session.subscribe {"events":["browsingContext.contextCreated"]}
2025-02-22T04:03:05.260Z INFO webdriver: BIDI COMMAND session.subscribe {"events":["log.entryAdded","browsingContext.navigationStarted"]}
2025-02-22T04:03:05.261Z INFO webdriver: BIDI COMMAND script.addPreloadScript { functionDeclaration: <PreloadScript[1319 bytes]>, contexts: undefined }
2025-02-22T04:03:05.262Z INFO webdriver: BIDI COMMAND session.subscribe {"events":["browsingContext.navigationStarted","network.responseCompleted","network.beforeRequestSent","network.fetchError"]}
2025-02-22T04:03:05.262Z INFO webdriver: BIDI COMMAND session.subscribe {"events":["browsingContext.userPromptOpened"]}
2025-02-22T04:03:05.264Z INFO webdriver: COMMAND getWindowHandle()
2025-02-22T04:03:05.265Z INFO webdriver: Connected to WebDriver Bidi interface at ws://192.168.1.14:4444/session/879b00c9ebf43082ddf0ca11bba6a56d/se/bidi
2025-02-22T04:03:05.266Z INFO webdriver: BIDI COMMAND browsingContext.getTree {}
2025-02-22T04:03:05.266Z INFO webdriver: [GET] http://localhost:4444/session/879b00c9ebf43082ddf0ca11bba6a56d/window
2025-02-22T04:03:05.282Z INFO webdriver: RESULT 5CB6258C8D28EF0FD0445F3C74DC5EE8
2025-02-22T04:03:05.298Z INFO webdriverio:PolyfillManager: Adding polyfill script to context with id 5CB6258C8D28EF0FD0445F3C74DC5EE8
2025-02-22T04:03:05.299Z INFO webdriver: BIDI COMMAND script.callFunction {"functionDeclaration":"<Function[301 bytes]>","target":{"children":null,"clientWindow":"","context":"5CB6258C8D28EF0FD0445F3C74DC5EE8","originalOpener":null,"parent":null,"url":"about:blank","userContext":"default"},"awaitPromise":false}
2025-02-22T04:03:05.303Z INFO webdriver: BIDI COMMAND script.addPreloadScript { functionDeclaration: <PreloadScript[301 bytes]>, contexts: ["5CB6258C8D28EF0FD0445F3C74DC5EE8"] }
2025-02-22T04:03:05.307Z INFO webdriver: BIDI RESULT {"id":1,"result":{},"type":"success"}
2025-02-22T04:03:05.310Z INFO webdriver: BIDI RESULT {"id":2,"result":{},"type":"success"}
2025-02-22T04:03:05.310Z INFO webdriver: BIDI RESULT {"id":3,"result":{"script":"3427aed8-1827-49e6-ba54-efed52f60689"},"type":"success"}
2025-02-22T04:03:05.310Z INFO webdriver: BIDI RESULT {"id":4,"result":{},"type":"success"}
2025-02-22T04:03:05.312Z INFO webdriver: BIDI RESULT {"id":5,"result":{},"type":"success"}
2025-02-22T04:03:05.314Z INFO webdriver: BIDI RESULT {"id":6,"result":{"contexts":[{"children":[],"clientWindow":"","context":"5CB6258C8D28EF0FD0445F3C74DC5EE8","originalOpener":null,"parent":null,"url":"about:blank","userContext":"default"}]},"type":"success"}
2025-02-22T04:03:05.317Z INFO webdriver: BIDI RESULT {"id":7,"result":{"exceptionDetails":{"columnNumber":17,"exception":{"type":"error"},"lineNumber":3,"stackTrace":{"callFrames":[{"columnNumber":17,"functionName":"callFunction","lineNumber":3,"url":""},{"columnNumber":13,"functionName":"","lineNumber":5,"url":""}]},"text":"TypeError: Cannot read properties of undefined (reading 'apply')"},"realm":"-191362430524659051.-574911350299868347","type":"exception"},"type":"success"}
2025-02-22T04:03:05.326Z INFO webdriver: BIDI COMMAND browsingContext.navigate {"context":"5CB6258C8D28EF0FD0445F3C74DC5EE8","url":"https://www.google.com/","wait":"complete"}
2025-02-22T04:03:05.328Z INFO webdriver: BIDI RESULT {"id":8,"result":{"script":"914e8c23-7772-404b-a5c4-948803a17960"},"type":"success"}
2025-02-22T04:03:05.823Z INFO webdriverio:PolyfillManager: Adding polyfill script to context with id 9A53896FB669D4EDC15D9C455EF7E92F
2025-02-22T04:03:05.825Z INFO webdriver: BIDI COMMAND script.callFunction {"functionDeclaration":"<Function[301 bytes]>","target":{"children":null,"clientWindow":"","context":"9A53896FB669D4EDC15D9C455EF7E92F","originalOpener":null,"parent":"5CB6258C8D28EF0FD0445F3C74DC5EE8","url":"about:blank","userContext":"default"},"awaitPromise":false}
2025-02-22T04:03:06.016Z INFO webdriver: BIDI RESULT {"id":10,"result":{"exceptionDetails":{"columnNumber":17,"exception":{"type":"error"},"lineNumber":3,"stackTrace":{"callFrames":[{"columnNumber":17,"functionName":"callFunction","lineNumber":3,"url":""},{"columnNumber":13,"functionName":"","lineNumber":5,"url":""}]},"text":"TypeError: Cannot read properties of undefined (reading 'apply')"},"realm":"-5753106691772003481.-2148770243336354491","type":"exception"},"type":"success"}
2025-02-22T04:03:06.116Z INFO webdriver: BIDI RESULT {"id":9,"result":{"navigation":"28b1f0cd-8b2d-4845-ba24-938aeb9865b4","url":"https://www.google.com/"},"type":"success"}
2025-02-22T04:03:06.142Z INFO webdriver: COMMAND takeScreenshot()
2025-02-22T04:03:06.143Z INFO webdriver: [GET] http://localhost:4444/session/879b00c9ebf43082ddf0ca11bba6a56d/screenshot
2025-02-22T04:03:06.368Z INFO webdriver: RESULT iVBORw0KGgoAAAANSUhEUgAACWAAAAT+CAIAAADFlI3KAAABK2lDQ1BTa2lhA...
2025-02-22T04:03:06.379Z INFO webdriver: COMMAND deleteSession()
2025-02-22T04:03:06.380Z INFO webdriver: [DELETE] http://localhost:4444/session/879b00c9ebf43082ddf0ca11bba6a56d
2025-02-22T04:03:06.489Z INFO webdriver: RESULT null
2025-02-22T04:03:06.490Z INFO webdriver: Close Bidi connection to ws://192.168.1.14:4444/session/879b00c9ebf43082ddf0ca11bba6a56d/se/bidi
